<?xml version="1.0" encoding="UTF-8"?>
<!-- Generated by org.testng.reporters.JUnitReportReporter -->
<testsuite hostname="LAPTOP-5S1GKCQ5" failures="0" tests="8" name="com.qa.demoblaze.tests.IndexpageTest" time="217.354" errors="0" timestamp="2024-11-11T19:31:52 IST" skipped="0">
  <testcase classname="com.qa.demoblaze.tests.IndexpageTest" name="placeAnOrderTest" time="87.544"/>
  <testcase classname="com.qa.demoblaze.tests.IndexpageTest" name="isItemListEnabledTest" time="0.037"/>
  <testcase classname="com.qa.demoblaze.tests.IndexpageTest" name="categoryListButtonsFunctioningTest" time="75.429"/>
  <testcase classname="com.qa.demoblaze.tests.IndexpageTest" name="isAboutusButtonEnabledTest" time="10.196"/>
  <testcase classname="com.qa.demoblaze.tests.IndexpageTest" name="pageTitleTest" time="0.018"/>
  <testcase classname="com.qa.demoblaze.tests.IndexpageTest" name="pageUrlTest" time="0.017"/>
  <testcase classname="com.qa.demoblaze.tests.IndexpageTest" name="isContactUsEnabled" time="26.106"/>
  <testcase classname="com.qa.demoblaze.tests.IndexpageTest" name="signUpButtonTest" time="18.007"/>
</testsuite> <!-- com.qa.demoblaze.tests.IndexpageTest -->
